<?xml version="1.0" encoding="UTF-8"?>
<!-- Generated by org.testng.reporters.JUnitXMLReporter -->
<testsuite ignored="2" hostname="DESKTOP-CDPNI2Q" failures="0" tests="1" name="Default test" time="7.598" errors="0" timestamp="25 Mar 2022 07:24:23 GMT">
  <testcase classname="testngsessions.DemoCartAppTest" name="searchTest" time="2.959"/>
  <testcase classname="testngsessions.DemoCartAppTest" name="urlTest" time="0.0">
    <ignored/>
  </testcase> <!-- urlTest -->
  <testcase classname="testngsessions.DemoCartAppTest" name="titleTest" time="0.0">
    <ignored/>
  </testcase> <!-- titleTest -->
</testsuite> <!-- Default test -->
