<?xml version="1.0" encoding="UTF-8"?>
<!-- Generated by org.testng.reporters.JUnitXMLReporter -->
<testsuite ignored="0" hostname="DESKTOP-CDPNI2Q" failures="0" tests="3" name="Amazon Test" time="12.732" errors="0" timestamp="25 Mar 2022 07:27:19 GMT">
  <testcase classname="testngsessions.AmazonTest" name="searchTest" time="8.682"/>
  <testcase classname="testngsessions.AmazonTest" name="titleTest" time="0.013"/>
  <testcase classname="testngsessions.AmazonTest" name="urlTest" time="0.012"/>
</testsuite> <!-- Amazon Test -->
